<?xml version="1.0" encoding="UTF-8"?>
<!-- Generated by org.testng.reporters.JUnitReportReporter -->
<testsuite hostname="DESKTOP-INP1UBA" name="Academy.HomePage" tests="1" failures="0" timestamp="17 Apr 2020 13:04:58 GMT" time="10.661" errors="0">
  <testcase name="BasePageNavigator" time="10.661" classname="Academy.HomePage"/>
</testsuite> <!-- Academy.HomePage -->
