<?xml version="1.0" encoding="UTF-8"?>
<!-- Generated by org.testng.reporters.JUnitReportReporter -->
<testsuite hostname="DESKTOP-INP1UBA" name="Academy.ValidationBar" tests="1" failures="0" timestamp="17 Apr 2020 13:04:58 GMT" time="0.434" errors="0">
  <testcase name="BasePageNavigator" time="0.434" classname="Academy.ValidationBar"/>
</testsuite> <!-- Academy.ValidationBar -->
