<?xml version="1.0" encoding="UTF-8"?>
<!-- Generated by org.testng.reporters.JUnitReportReporter -->
<testsuite hostname="DESKTOP-INP1UBA" name="Academy.Validation" tests="1" failures="0" timestamp="16 Apr 2020 21:51:18 GMT" time="0.163" errors="0">
  <testcase name="BasePageNavigator" time="0.163" classname="Academy.Validation"/>
</testsuite> <!-- Academy.Validation -->
