<?xml version="1.0" encoding="UTF-8"?>
<!-- Generated by org.testng.reporters.JUnitReportReporter -->
<testsuite hostname="DESKTOP-INP1UBA" name="Academy.HomePage" tests="1" failures="0" timestamp="16 Apr 2020 21:51:18 GMT" time="14.051" errors="0">
  <testcase name="BasePageNavigator" time="14.051" classname="Academy.HomePage"/>
</testsuite> <!-- Academy.HomePage -->
